2025-05-13 04:33:23,900 - ONE_TIME_REPO_DOWNLOADER - INFO - One-time SBI GitHub Repository Downloader Started
2025-05-13 04:33:23,901 - ONE_TIME_REPO_DOWNLOADER - INFO - Downloading files up to 2025-05-08
2025-05-13 04:33:24,014 - ONE_TIME_REPO_DOWNLOADER - INFO - Skipping SBI_REFERENCE_RATES_AED.csv as it's after the cutoff date
2025-05-13 04:33:24,014 - ONE_TIME_REPO_DOWNLOADER - INFO - Skipping SBI_REFERENCE_RATES_AUD.csv as it's after the cutoff date
2025-05-13 04:33:24,014 - ONE_TIME_REPO_DOWNLOADER - INFO - Skipping SBI_REFERENCE_RATES_BDT.csv as it's after the cutoff date
2025-05-13 04:33:24,014 - ONE_TIME_REPO_DOWNLOADER - INFO - Skipping SBI_REFERENCE_RATES_BHD.csv as it's after the cutoff date
2025-05-13 04:33:24,014 - ONE_TIME_REPO_DOWNLOADER - INFO - Skipping SBI_REFERENCE_RATES_CAD.csv as it's after the cutoff date
2025-05-13 04:33:24,014 - ONE_TIME_REPO_DOWNLOADER - INFO - Skipping SBI_REFERENCE_RATES_CHF.csv as it's after the cutoff date
2025-05-13 04:33:24,014 - ONE_TIME_REPO_DOWNLOADER - INFO - Skipping SBI_REFERENCE_RATES_CNY.csv as it's after the cutoff date
2025-05-13 04:33:24,014 - ONE_TIME_REPO_DOWNLOADER - INFO - Skipping SBI_REFERENCE_RATES_DKK.csv as it's after the cutoff date
2025-05-13 04:33:24,014 - ONE_TIME_REPO_DOWNLOADER - INFO - Skipping SBI_REFERENCE_RATES_EUR.csv as it's after the cutoff date
2025-05-13 04:33:24,014 - ONE_TIME_REPO_DOWNLOADER - INFO - Skipping SBI_REFERENCE_RATES_GBP.csv as it's after the cutoff date
2025-05-13 04:33:24,014 - ONE_TIME_REPO_DOWNLOADER - INFO - Skipping SBI_REFERENCE_RATES_HKD.csv as it's after the cutoff date
2025-05-13 04:33:24,014 - ONE_TIME_REPO_DOWNLOADER - INFO - Skipping SBI_REFERENCE_RATES_JPY.csv as it's after the cutoff date
2025-05-13 04:33:24,014 - ONE_TIME_REPO_DOWNLOADER - INFO - Skipping SBI_REFERENCE_RATES_KES.csv as it's after the cutoff date
2025-05-13 04:33:24,015 - ONE_TIME_REPO_DOWNLOADER - INFO - Skipping SBI_REFERENCE_RATES_KRW.csv as it's after the cutoff date
2025-05-13 04:33:24,015 - ONE_TIME_REPO_DOWNLOADER - INFO - Skipping SBI_REFERENCE_RATES_KWD.csv as it's after the cutoff date
2025-05-13 04:33:24,015 - ONE_TIME_REPO_DOWNLOADER - INFO - Skipping SBI_REFERENCE_RATES_LKR.csv as it's after the cutoff date
2025-05-13 04:33:24,015 - ONE_TIME_REPO_DOWNLOADER - INFO - Skipping SBI_REFERENCE_RATES_MYR.csv as it's after the cutoff date
2025-05-13 04:33:24,015 - ONE_TIME_REPO_DOWNLOADER - INFO - Skipping SBI_REFERENCE_RATES_NOK.csv as it's after the cutoff date
2025-05-13 04:33:24,015 - ONE_TIME_REPO_DOWNLOADER - INFO - Skipping SBI_REFERENCE_RATES_NZD.csv as it's after the cutoff date
2025-05-13 04:33:24,015 - ONE_TIME_REPO_DOWNLOADER - INFO - Skipping SBI_REFERENCE_RATES_OMR.csv as it's after the cutoff date
2025-05-13 04:33:24,015 - ONE_TIME_REPO_DOWNLOADER - INFO - Skipping SBI_REFERENCE_RATES_PKR.csv as it's after the cutoff date
2025-05-13 04:33:24,015 - ONE_TIME_REPO_DOWNLOADER - INFO - Skipping SBI_REFERENCE_RATES_QAR.csv as it's after the cutoff date
2025-05-13 04:33:24,015 - ONE_TIME_REPO_DOWNLOADER - INFO - Skipping SBI_REFERENCE_RATES_RUB.csv as it's after the cutoff date
2025-05-13 04:33:24,015 - ONE_TIME_REPO_DOWNLOADER - INFO - Skipping SBI_REFERENCE_RATES_SAR.csv as it's after the cutoff date
2025-05-13 04:33:24,015 - ONE_TIME_REPO_DOWNLOADER - INFO - Skipping SBI_REFERENCE_RATES_SEK.csv as it's after the cutoff date
2025-05-13 04:33:24,015 - ONE_TIME_REPO_DOWNLOADER - INFO - Skipping SBI_REFERENCE_RATES_SGD.csv as it's after the cutoff date
2025-05-13 04:33:24,015 - ONE_TIME_REPO_DOWNLOADER - INFO - Skipping SBI_REFERENCE_RATES_THB.csv as it's after the cutoff date
2025-05-13 04:33:24,015 - ONE_TIME_REPO_DOWNLOADER - INFO - Skipping SBI_REFERENCE_RATES_TRY.csv as it's after the cutoff date
2025-05-13 04:33:24,015 - ONE_TIME_REPO_DOWNLOADER - INFO - Skipping SBI_REFERENCE_RATES_USD.csv as it's after the cutoff date
2025-05-13 04:33:24,016 - ONE_TIME_REPO_DOWNLOADER - INFO - Skipping SBI_REFERENCE_RATES_ZAR.csv as it's after the cutoff date
2025-05-13 04:33:24,016 - ONE_TIME_REPO_DOWNLOADER - INFO - Merging downloaded files to downloads directory...
2025-05-13 04:33:24,016 - ONE_TIME_REPO_DOWNLOADER - INFO - Removed empty temp_downloads directory
2025-05-13 04:33:24,016 - ONE_TIME_REPO_DOWNLOADER - INFO - One-time Repository Downloader execution completed
2025-05-13 06:21:50,335 - ONE_TIME_REPO_DOWNLOADER - INFO - Enhanced One-time SBI GitHub Repository Downloader Started
2025-05-13 06:21:50,335 - ONE_TIME_REPO_DOWNLOADER - INFO - Downloading files up to 2025-05-08
2025-05-13 06:21:50,335 - ONE_TIME_REPO_DOWNLOADER - INFO - Processing year directories: 2020, 2021, 2022, 2023, 2024, 2025
2025-05-13 06:21:50,335 - ONE_TIME_REPO_DOWNLOADER - INFO - Testing repository access to https://api.github.com/repos/sahilgupta/sbi-fx-ratekeeper/contents/pdf_files
2025-05-13 06:21:50,337 - urllib3.connectionpool - DEBUG - Starting new HTTPS connection (1): api.github.com:443
2025-05-13 06:21:50,430 - urllib3.connectionpool - DEBUG - https://api.github.com:443 "GET /repos/sahilgupta/sbi-fx-ratekeeper/contents/pdf_files HTTP/1.1" 200 587
2025-05-13 06:21:50,431 - ONE_TIME_REPO_DOWNLOADER - INFO - Repository access successful
2025-05-13 06:21:50,431 - ONE_TIME_REPO_DOWNLOADER - INFO - Available years in repository: ['2020', '2021', '2022', '2023', '2024', '2025']
2025-05-13 06:21:50,431 - ONE_TIME_REPO_DOWNLOADER - INFO - Created directory: downloads/2020
2025-05-13 06:21:50,431 - ONE_TIME_REPO_DOWNLOADER - INFO - Created directory: downloads/2021
2025-05-13 06:21:50,432 - ONE_TIME_REPO_DOWNLOADER - INFO - Created directory: downloads/2022
2025-05-13 06:21:50,432 - ONE_TIME_REPO_DOWNLOADER - INFO - Created directory: downloads/2023
2025-05-13 06:21:50,432 - ONE_TIME_REPO_DOWNLOADER - INFO - Created directory: downloads/2024
2025-05-13 06:21:50,432 - ONE_TIME_REPO_DOWNLOADER - INFO - Created directory: downloads/2025
2025-05-13 06:21:50,432 - ONE_TIME_REPO_DOWNLOADER - INFO - Checking existing files structure:
2025-05-13 06:21:50,432 - ONE_TIME_REPO_DOWNLOADER - INFO - Directory 2020: 0 PDF files
2025-05-13 06:21:50,433 - ONE_TIME_REPO_DOWNLOADER - INFO - Directory 2021: 0 PDF files
2025-05-13 06:21:50,433 - ONE_TIME_REPO_DOWNLOADER - INFO - Directory 2022: 0 PDF files
2025-05-13 06:21:50,433 - ONE_TIME_REPO_DOWNLOADER - INFO - Directory 2023: 0 PDF files
2025-05-13 06:21:50,433 - ONE_TIME_REPO_DOWNLOADER - INFO - Directory 2024: 0 PDF files
2025-05-13 06:21:50,433 - ONE_TIME_REPO_DOWNLOADER - INFO - Directory 2025: 0 PDF files
2025-05-13 06:21:50,433 - ONE_TIME_REPO_DOWNLOADER - INFO - Processing year directory: 2020 from https://api.github.com/repos/sahilgupta/sbi-fx-ratekeeper/contents/pdf_files/2020
2025-05-13 06:21:50,434 - urllib3.connectionpool - DEBUG - Starting new HTTPS connection (1): api.github.com:443
2025-05-13 06:21:50,520 - urllib3.connectionpool - DEBUG - https://api.github.com:443 "GET /repos/sahilgupta/sbi-fx-ratekeeper/contents/pdf_files/2020 HTTP/1.1" 200 948
2025-05-13 06:21:50,520 - ONE_TIME_REPO_DOWNLOADER - INFO - Found 12 items in 2020 directory
2025-05-13 06:21:50,521 - ONE_TIME_REPO_DOWNLOADER - INFO - Processing year directory: 2021 from https://api.github.com/repos/sahilgupta/sbi-fx-ratekeeper/contents/pdf_files/2021
2025-05-13 06:21:50,521 - urllib3.connectionpool - DEBUG - Starting new HTTPS connection (1): api.github.com:443
2025-05-13 06:21:50,600 - urllib3.connectionpool - DEBUG - https://api.github.com:443 "GET /repos/sahilgupta/sbi-fx-ratekeeper/contents/pdf_files/2021 HTTP/1.1" 200 945
2025-05-13 06:21:50,601 - ONE_TIME_REPO_DOWNLOADER - INFO - Found 12 items in 2021 directory
2025-05-13 06:21:50,601 - ONE_TIME_REPO_DOWNLOADER - INFO - Processing year directory: 2022 from https://api.github.com/repos/sahilgupta/sbi-fx-ratekeeper/contents/pdf_files/2022
2025-05-13 06:21:50,602 - urllib3.connectionpool - DEBUG - Starting new HTTPS connection (1): api.github.com:443
2025-05-13 06:21:50,685 - urllib3.connectionpool - DEBUG - https://api.github.com:443 "GET /repos/sahilgupta/sbi-fx-ratekeeper/contents/pdf_files/2022 HTTP/1.1" 200 954
2025-05-13 06:21:50,686 - ONE_TIME_REPO_DOWNLOADER - INFO - Found 12 items in 2022 directory
2025-05-13 06:21:50,686 - ONE_TIME_REPO_DOWNLOADER - INFO - Processing year directory: 2023 from https://api.github.com/repos/sahilgupta/sbi-fx-ratekeeper/contents/pdf_files/2023
2025-05-13 06:21:50,687 - urllib3.connectionpool - DEBUG - Starting new HTTPS connection (1): api.github.com:443
2025-05-13 06:21:50,798 - urllib3.connectionpool - DEBUG - https://api.github.com:443 "GET /repos/sahilgupta/sbi-fx-ratekeeper/contents/pdf_files/2023 HTTP/1.1" 200 933
2025-05-13 06:21:50,798 - ONE_TIME_REPO_DOWNLOADER - INFO - Found 12 items in 2023 directory
2025-05-13 06:21:50,798 - ONE_TIME_REPO_DOWNLOADER - INFO - Processing year directory: 2024 from https://api.github.com/repos/sahilgupta/sbi-fx-ratekeeper/contents/pdf_files/2024
2025-05-13 06:21:50,799 - urllib3.connectionpool - DEBUG - Starting new HTTPS connection (1): api.github.com:443
2025-05-13 06:21:50,914 - urllib3.connectionpool - DEBUG - https://api.github.com:443 "GET /repos/sahilgupta/sbi-fx-ratekeeper/contents/pdf_files/2024 HTTP/1.1" 200 941
2025-05-13 06:21:50,915 - ONE_TIME_REPO_DOWNLOADER - INFO - Found 12 items in 2024 directory
2025-05-13 06:21:50,915 - ONE_TIME_REPO_DOWNLOADER - INFO - Processing year directory: 2025 from https://api.github.com/repos/sahilgupta/sbi-fx-ratekeeper/contents/pdf_files/2025
2025-05-13 06:21:50,916 - urllib3.connectionpool - DEBUG - Starting new HTTPS connection (1): api.github.com:443
2025-05-13 06:21:50,980 - urllib3.connectionpool - DEBUG - https://api.github.com:443 "GET /repos/sahilgupta/sbi-fx-ratekeeper/contents/pdf_files/2025 HTTP/1.1" 200 524
2025-05-13 06:21:50,981 - ONE_TIME_REPO_DOWNLOADER - INFO - Found 5 items in 2025 directory
2025-05-13 06:21:50,981 - ONE_TIME_REPO_DOWNLOADER - INFO - Download summary: 0 files downloaded, 0 files skipped
2025-05-13 06:21:50,981 - ONE_TIME_REPO_DOWNLOADER - INFO - Merging 0 downloaded files to downloads directory...
2025-05-13 06:21:50,981 - ONE_TIME_REPO_DOWNLOADER - INFO - Successfully moved 0 out of 0 files to downloads directory
2025-05-13 06:21:50,982 - ONE_TIME_REPO_DOWNLOADER - INFO - Removed empty temp_downloads directory and its subdirectories
2025-05-13 06:21:50,982 - ONE_TIME_REPO_DOWNLOADER - INFO - Verifying downloads...
2025-05-13 06:21:50,982 - ONE_TIME_REPO_DOWNLOADER - INFO - Found 0 PDF files in 2020 directory
2025-05-13 06:21:50,982 - ONE_TIME_REPO_DOWNLOADER - INFO - Found 0 PDF files in 2021 directory
2025-05-13 06:21:50,982 - ONE_TIME_REPO_DOWNLOADER - INFO - Found 0 PDF files in 2022 directory
2025-05-13 06:21:50,982 - ONE_TIME_REPO_DOWNLOADER - INFO - Found 0 PDF files in 2023 directory
2025-05-13 06:21:50,982 - ONE_TIME_REPO_DOWNLOADER - INFO - Found 0 PDF files in 2024 directory
2025-05-13 06:21:50,983 - ONE_TIME_REPO_DOWNLOADER - INFO - Found 0 PDF files in 2025 directory
2025-05-13 06:21:50,983 - ONE_TIME_REPO_DOWNLOADER - INFO - Total PDFs across all years: 0
2025-05-13 06:21:50,983 - ONE_TIME_REPO_DOWNLOADER - INFO - Verified 0 out of 0 files were moved correctly
2025-05-13 06:21:50,983 - ONE_TIME_REPO_DOWNLOADER - INFO - One-time Repository Downloader execution completed with result: Success
