2025-05-12 06:35:02,008 - SBI_FOREX_DOWNLOADER - INFO - SBI Forex Card Rates Downloader Started
2025-05-12 06:35:02,008 - SBI_FOREX_DOWNLOADER - INFO - Checking URL: https://sbi.co.in/documents/16012/1400784/FOREX_CARD_RATES.pdf
2025-05-12 06:35:04,269 - SBI_FOREX_DOWNLOADER - INFO - New forex rates downloaded: downloads/SBI_FOREX_CARD_RATES_09052025_920_AM.pdf
2025-05-12 06:35:04,269 - SBI_FOREX_DOWNLOADER - INFO - Downloader execution completed
2025-05-12 07:38:45,314 - SBI_FOREX_DOWNLOADER - INFO - SBI Forex Card Rates Downloader Started
2025-05-12 07:38:45,315 - SBI_FOREX_DOWNLOADER - INFO - Checking URL: https://sbi.co.in/documents/16012/1400784/FOREX_CARD_RATES.pdf
2025-05-12 07:38:56,190 - SBI_FOREX_DOWNLOADER - INFO - No new forex rates available (content hash is the same).
2025-05-12 07:38:56,190 - SBI_FOREX_DOWNLOADER - INFO - Downloader execution completed
2025-05-12 11:36:40,528 - SBI_FOREX_DOWNLOADER - INFO - SBI Forex Card Rates Downloader Started
2025-05-12 11:36:40,528 - SBI_FOREX_DOWNLOADER - INFO - Checking URL: https://sbi.co.in/documents/16012/1400784/FOREX_CARD_RATES.pdf
2025-05-12 11:36:43,560 - SBI_FOREX_DOWNLOADER - INFO - No new forex rates available (content hash is the same).
2025-05-12 11:36:43,560 - SBI_FOREX_DOWNLOADER - INFO - Downloader execution completed
2025-05-12 13:06:50,528 - SBI_FOREX_DOWNLOADER - INFO - SBI Forex Card Rates Downloader Started
2025-05-12 13:06:50,528 - SBI_FOREX_DOWNLOADER - INFO - Checking URL: https://sbi.co.in/documents/16012/1400784/FOREX_CARD_RATES.pdf
2025-05-12 13:06:57,855 - SBI_FOREX_DOWNLOADER - INFO - No new forex rates available (content hash is the same).
2025-05-12 13:06:57,855 - SBI_FOREX_DOWNLOADER - INFO - Downloader execution completed
2025-05-13 05:42:45,210 - SBI_FOREX_DOWNLOADER - INFO - SBI Forex Card Rates Downloader Started
2025-05-13 05:42:45,211 - SBI_FOREX_DOWNLOADER - INFO - Checking URL: https://sbi.co.in/documents/16012/1400784/FOREX_CARD_RATES.pdf
2025-05-13 05:42:48,423 - SBI_FOREX_DOWNLOADER - INFO - No new forex rates available (content hash is the same).
2025-05-13 05:42:48,424 - SBI_FOREX_DOWNLOADER - INFO - Downloader execution completed
